<?xml version="1.0" encoding="UTF-8"?>
<!-- Generated by org.testng.reporters.JUnitReportReporter -->
<testsuite hostname="DESKTOP-3N0O4DU" failures="0" tests="3" name="com.actitime.testscript.Project_Module" time="0.007" errors="0" timestamp="2023-10-04T15:25:56 IST" skipped="0">
  <testcase classname="com.actitime.testscript.Project_Module" name="deleteProject" time="0.004">
    <system-out>
      <![CDATA[deleteProject]]>
    </system-out>
  </testcase> <!-- deleteProject -->
  <testcase classname="com.actitime.testscript.Project_Module" name="createProject" time="0.002">
    <system-out>
      <![CDATA[createProject]]>
    </system-out>
  </testcase> <!-- createProject -->
  <testcase classname="com.actitime.testscript.Project_Module" name="modifyProject" time="0.001">
    <system-out>
      <![CDATA[modifyProject]]>
    </system-out>
  </testcase> <!-- modifyProject -->
  <system-out>
    <![CDATA[openBrowser
login
deleteTask
logout
closeBrowser
openBrowser
login
deleteCustomer
logout
closeBrowser
openBrowser
login
createProject
logout
login
deleteProject
logout
login
modifyProject
logout
closeBrowser]]>
  </system-out>
</testsuite> <!-- com.actitime.testscript.Project_Module -->
