<?xml version="1.0" encoding="UTF-8"?>
<!-- Generated by org.testng.reporters.JUnitReportReporter -->
<testsuite hostname="DESKTOP-3N0O4DU" failures="0" tests="1" name="Test_Ng.Verify_Title" time="5.697" errors="0" timestamp="2023-10-03T16:44:44 IST" skipped="0">
  <testcase classname="Test_Ng.Verify_Title" name="verifyTitle" time="5.697"/>
</testsuite> <!-- Test_Ng.Verify_Title -->
