<?xml version="1.0" encoding="UTF-8"?>
<!-- Generated by org.testng.reporters.JUnitReportReporter -->
<testsuite hostname="DESKTOP-3N0O4DU" failures="0" tests="5" name="Basic.Demo" time="0.014" errors="0" timestamp="2023-10-03T13:30:53 IST" skipped="0">
  <testcase classname="Basic.Demo" name="dingi" time="0.002"/>
  <testcase classname="Basic.Demo" name="penga" time="0.002"/>
  <testcase classname="Basic.Demo" name="pengi" time="0.001"/>
  <testcase classname="Basic.Demo" name="test" time="0.001"/>
  <testcase classname="Basic.Demo" name="dinga" time="0.008"/>
</testsuite> <!-- Basic.Demo -->
