<?xml version="1.0" encoding="UTF-8"?>
<!-- Generated by org.testng.reporters.JUnitReportReporter -->
<testsuite hostname="DESKTOP-3N0O4DU" failures="0" tests="5" name="Test_Ng.Demo" time="0.016" errors="0" timestamp="2023-10-03T14:22:00 IST" skipped="0">
  <testcase classname="Test_Ng.Demo" name="demoB" time="0.001"/>
  <testcase classname="Test_Ng.Demo" name="demoB" time="0.002"/>
  <testcase classname="Test_Ng.Demo" name="demoC" time="0.010"/>
  <testcase classname="Test_Ng.Demo" name="demoC" time="0.001"/>
  <testcase classname="Test_Ng.Demo" name="demoA" time="0.002"/>
</testsuite> <!-- Test_Ng.Demo -->
