<?xml version="1.0" encoding="UTF-8"?>
<!-- Generated by org.testng.reporters.JUnitReportReporter -->
<testsuite hostname="DESKTOP-3N0O4DU" failures="0" tests="1" name="com.actitime.testscript.Task_Module" time="0.008" errors="0" timestamp="2023-10-04T15:25:56 IST" skipped="0">
  <testcase classname="com.actitime.testscript.Task_Module" name="deleteTask" time="0.008">
    <system-out>
      <![CDATA[deleteTask]]>
    </system-out>
  </testcase> <!-- deleteTask -->
  <system-out>
    <![CDATA[openBrowser
login
deleteTask
logout
closeBrowser
openBrowser
login
deleteCustomer
logout
closeBrowser
openBrowser
login
createProject
logout
login
deleteProject
logout
login
modifyProject
logout
closeBrowser]]>
  </system-out>
</testsuite> <!-- com.actitime.testscript.Task_Module -->
